2016-10-02 12:38:26 Notice: Notice (8): Undefined index: email in [/var/www/html/easyemails/app/View/Users/dashboard.ctp, line 12]
Trace:
include - APP/View/Users/dashboard.ctp, line 12
View::_evaluate() - CORE/Cake/View/View.php, line 971
View::_render() - CORE/Cake/View/View.php, line 933
View::render() - CORE/Cake/View/View.php, line 473
Controller::render() - CORE/Cake/Controller/Controller.php, line 960
Dispatcher::_invoke() - CORE/Cake/Routing/Dispatcher.php, line 200
Dispatcher::dispatch() - CORE/Cake/Routing/Dispatcher.php, line 167
[main] - APP/webroot/index.php, line 111

2016-10-02 12:38:26 Notice: Notice (8): Undefined index: status in [/var/www/html/easyemails/app/View/Users/dashboard.ctp, line 13]
Trace:
include - APP/View/Users/dashboard.ctp, line 13
View::_evaluate() - CORE/Cake/View/View.php, line 971
View::_render() - CORE/Cake/View/View.php, line 933
View::render() - CORE/Cake/View/View.php, line 473
Controller::render() - CORE/Cake/Controller/Controller.php, line 960
Dispatcher::_invoke() - CORE/Cake/Routing/Dispatcher.php, line 200
Dispatcher::dispatch() - CORE/Cake/Routing/Dispatcher.php, line 167
[main] - APP/webroot/index.php, line 111

2016-10-02 12:38:44 Notice: Notice (8): Undefined index: email in [/var/www/html/easyemails/app/View/Users/dashboard.ctp, line 12]
Trace:
include - APP/View/Users/dashboard.ctp, line 12
View::_evaluate() - CORE/Cake/View/View.php, line 971
View::_render() - CORE/Cake/View/View.php, line 933
View::render() - CORE/Cake/View/View.php, line 473
Controller::render() - CORE/Cake/Controller/Controller.php, line 960
Dispatcher::_invoke() - CORE/Cake/Routing/Dispatcher.php, line 200
Dispatcher::dispatch() - CORE/Cake/Routing/Dispatcher.php, line 167
[main] - APP/webroot/index.php, line 111

2016-10-02 12:38:44 Notice: Notice (8): Undefined index: status in [/var/www/html/easyemails/app/View/Users/dashboard.ctp, line 13]
Trace:
include - APP/View/Users/dashboard.ctp, line 13
View::_evaluate() - CORE/Cake/View/View.php, line 971
View::_render() - CORE/Cake/View/View.php, line 933
View::render() - CORE/Cake/View/View.php, line 473
Controller::render() - CORE/Cake/Controller/Controller.php, line 960
Dispatcher::_invoke() - CORE/Cake/Routing/Dispatcher.php, line 200
Dispatcher::dispatch() - CORE/Cake/Routing/Dispatcher.php, line 167
[main] - APP/webroot/index.php, line 111

2016-10-02 12:38:47 Notice: Notice (8): Undefined index: email in [/var/www/html/easyemails/app/View/Users/dashboard.ctp, line 12]
Trace:
include - APP/View/Users/dashboard.ctp, line 12
View::_evaluate() - CORE/Cake/View/View.php, line 971
View::_render() - CORE/Cake/View/View.php, line 933
View::render() - CORE/Cake/View/View.php, line 473
Controller::render() - CORE/Cake/Controller/Controller.php, line 960
Dispatcher::_invoke() - CORE/Cake/Routing/Dispatcher.php, line 200
Dispatcher::dispatch() - CORE/Cake/Routing/Dispatcher.php, line 167
[main] - APP/webroot/index.php, line 111

2016-10-02 12:38:47 Notice: Notice (8): Undefined index: status in [/var/www/html/easyemails/app/View/Users/dashboard.ctp, line 13]
Trace:
include - APP/View/Users/dashboard.ctp, line 13
View::_evaluate() - CORE/Cake/View/View.php, line 971
View::_render() - CORE/Cake/View/View.php, line 933
View::render() - CORE/Cake/View/View.php, line 473
Controller::render() - CORE/Cake/Controller/Controller.php, line 960
Dispatcher::_invoke() - CORE/Cake/Routing/Dispatcher.php, line 200
Dispatcher::dispatch() - CORE/Cake/Routing/Dispatcher.php, line 167
[main] - APP/webroot/index.php, line 111

2016-10-02 12:39:10 Notice: Notice (8): Undefined index: email in [/var/www/html/easyemails/app/View/Users/dashboard.ctp, line 12]
Trace:
include - APP/View/Users/dashboard.ctp, line 12
View::_evaluate() - CORE/Cake/View/View.php, line 971
View::_render() - CORE/Cake/View/View.php, line 933
View::render() - CORE/Cake/View/View.php, line 473
Controller::render() - CORE/Cake/Controller/Controller.php, line 960
Dispatcher::_invoke() - CORE/Cake/Routing/Dispatcher.php, line 200
Dispatcher::dispatch() - CORE/Cake/Routing/Dispatcher.php, line 167
[main] - APP/webroot/index.php, line 111

2016-10-02 12:39:10 Notice: Notice (8): Undefined index: status in [/var/www/html/easyemails/app/View/Users/dashboard.ctp, line 13]
Trace:
include - APP/View/Users/dashboard.ctp, line 13
View::_evaluate() - CORE/Cake/View/View.php, line 971
View::_render() - CORE/Cake/View/View.php, line 933
View::render() - CORE/Cake/View/View.php, line 473
Controller::render() - CORE/Cake/Controller/Controller.php, line 960
Dispatcher::_invoke() - CORE/Cake/Routing/Dispatcher.php, line 200
Dispatcher::dispatch() - CORE/Cake/Routing/Dispatcher.php, line 167
[main] - APP/webroot/index.php, line 111

2016-10-02 12:39:56 Notice: Notice (8): Undefined index: invites in [/var/www/html/easyemails/app/View/Users/dashboard.ctp, line 10]
Trace:
include - APP/View/Users/dashboard.ctp, line 10
View::_evaluate() - CORE/Cake/View/View.php, line 971
View::_render() - CORE/Cake/View/View.php, line 933
View::render() - CORE/Cake/View/View.php, line 473
Controller::render() - CORE/Cake/Controller/Controller.php, line 960
Dispatcher::_invoke() - CORE/Cake/Routing/Dispatcher.php, line 200
Dispatcher::dispatch() - CORE/Cake/Routing/Dispatcher.php, line 167
[main] - APP/webroot/index.php, line 111

2016-10-02 12:39:56 Notice: Notice (8): Undefined index: invites in [/var/www/html/easyemails/app/View/Users/dashboard.ctp, line 10]
Trace:
include - APP/View/Users/dashboard.ctp, line 10
View::_evaluate() - CORE/Cake/View/View.php, line 971
View::_render() - CORE/Cake/View/View.php, line 933
View::render() - CORE/Cake/View/View.php, line 473
Controller::render() - CORE/Cake/Controller/Controller.php, line 960
Dispatcher::_invoke() - CORE/Cake/Routing/Dispatcher.php, line 200
Dispatcher::dispatch() - CORE/Cake/Routing/Dispatcher.php, line 167
[main] - APP/webroot/index.php, line 111

2016-10-02 12:39:57 Notice: Notice (8): Undefined index: invites in [/var/www/html/easyemails/app/View/Users/dashboard.ctp, line 10]
Trace:
include - APP/View/Users/dashboard.ctp, line 10
View::_evaluate() - CORE/Cake/View/View.php, line 971
View::_render() - CORE/Cake/View/View.php, line 933
View::render() - CORE/Cake/View/View.php, line 473
Controller::render() - CORE/Cake/Controller/Controller.php, line 960
Dispatcher::_invoke() - CORE/Cake/Routing/Dispatcher.php, line 200
Dispatcher::dispatch() - CORE/Cake/Routing/Dispatcher.php, line 167
[main] - APP/webroot/index.php, line 111

2016-10-02 12:40:05 Notice: Notice (8): Undefined index: invites in [/var/www/html/easyemails/app/View/Users/dashboard.ctp, line 11]
Trace:
include - APP/View/Users/dashboard.ctp, line 11
View::_evaluate() - CORE/Cake/View/View.php, line 971
View::_render() - CORE/Cake/View/View.php, line 933
View::render() - CORE/Cake/View/View.php, line 473
Controller::render() - CORE/Cake/Controller/Controller.php, line 960
Dispatcher::_invoke() - CORE/Cake/Routing/Dispatcher.php, line 200
Dispatcher::dispatch() - CORE/Cake/Routing/Dispatcher.php, line 167
[main] - APP/webroot/index.php, line 111

2016-10-02 12:50:16 Notice: Notice (8): Undefined index: id in [/var/www/html/easyemails/app/Controller/UsersController.php, line 96]
Trace:
UsersController::user_login() - APP/Controller/UsersController.php, line 96
ReflectionMethod::invokeArgs() - [internal], line ??
Controller::invokeAction() - CORE/Cake/Controller/Controller.php, line 490
Dispatcher::_invoke() - CORE/Cake/Routing/Dispatcher.php, line 193
Dispatcher::dispatch() - CORE/Cake/Routing/Dispatcher.php, line 167
[main] - APP/webroot/index.php, line 111

2016-10-02 12:50:37 Notice: Notice (8): Undefined index: id in [/var/www/html/easyemails/app/Controller/UsersController.php, line 96]
Trace:
UsersController::user_login() - APP/Controller/UsersController.php, line 96
ReflectionMethod::invokeArgs() - [internal], line ??
Controller::invokeAction() - CORE/Cake/Controller/Controller.php, line 490
Dispatcher::_invoke() - CORE/Cake/Routing/Dispatcher.php, line 193
Dispatcher::dispatch() - CORE/Cake/Routing/Dispatcher.php, line 167
[main] - APP/webroot/index.php, line 111

2016-10-02 12:57:09 Notice: Notice (8): Undefined index: id in [/var/www/html/easyemails/app/Controller/UsersController.php, line 103]
Trace:
UsersController::userupdate() - APP/Controller/UsersController.php, line 103
ReflectionMethod::invokeArgs() - [internal], line ??
Controller::invokeAction() - CORE/Cake/Controller/Controller.php, line 490
Dispatcher::_invoke() - CORE/Cake/Routing/Dispatcher.php, line 193
Dispatcher::dispatch() - CORE/Cake/Routing/Dispatcher.php, line 167
[main] - APP/webroot/index.php, line 111

2016-10-02 12:57:09 Notice: Notice (8): Undefined offset: 0 in [/var/www/html/easyemails/app/Controller/UsersController.php, line 109]
Trace:
UsersController::userupdate() - APP/Controller/UsersController.php, line 109
ReflectionMethod::invokeArgs() - [internal], line ??
Controller::invokeAction() - CORE/Cake/Controller/Controller.php, line 490
Dispatcher::_invoke() - CORE/Cake/Routing/Dispatcher.php, line 193
Dispatcher::dispatch() - CORE/Cake/Routing/Dispatcher.php, line 167
[main] - APP/webroot/index.php, line 111

2016-10-02 12:57:33 Notice: Notice (8): Undefined index: id in [/var/www/html/easyemails/app/Controller/UsersController.php, line 103]
Trace:
UsersController::userupdate() - APP/Controller/UsersController.php, line 103
ReflectionMethod::invokeArgs() - [internal], line ??
Controller::invokeAction() - CORE/Cake/Controller/Controller.php, line 490
Dispatcher::_invoke() - CORE/Cake/Routing/Dispatcher.php, line 193
Dispatcher::dispatch() - CORE/Cake/Routing/Dispatcher.php, line 167
[main] - APP/webroot/index.php, line 111

2016-10-02 12:57:33 Notice: Notice (8): Undefined offset: 0 in [/var/www/html/easyemails/app/Controller/UsersController.php, line 109]
Trace:
UsersController::userupdate() - APP/Controller/UsersController.php, line 109
ReflectionMethod::invokeArgs() - [internal], line ??
Controller::invokeAction() - CORE/Cake/Controller/Controller.php, line 490
Dispatcher::_invoke() - CORE/Cake/Routing/Dispatcher.php, line 193
Dispatcher::dispatch() - CORE/Cake/Routing/Dispatcher.php, line 167
[main] - APP/webroot/index.php, line 111

2016-10-02 12:58:34 Notice: Notice (8): Undefined index: id in [/var/www/html/easyemails/app/Controller/UsersController.php, line 103]
Trace:
UsersController::userupdate() - APP/Controller/UsersController.php, line 103
ReflectionMethod::invokeArgs() - [internal], line ??
Controller::invokeAction() - CORE/Cake/Controller/Controller.php, line 490
Dispatcher::_invoke() - CORE/Cake/Routing/Dispatcher.php, line 193
Dispatcher::dispatch() - CORE/Cake/Routing/Dispatcher.php, line 167
[main] - APP/webroot/index.php, line 111

2016-10-02 12:58:34 Notice: Notice (8): Undefined offset: 0 in [/var/www/html/easyemails/app/Controller/UsersController.php, line 109]
Trace:
UsersController::userupdate() - APP/Controller/UsersController.php, line 109
ReflectionMethod::invokeArgs() - [internal], line ??
Controller::invokeAction() - CORE/Cake/Controller/Controller.php, line 490
Dispatcher::_invoke() - CORE/Cake/Routing/Dispatcher.php, line 193
Dispatcher::dispatch() - CORE/Cake/Routing/Dispatcher.php, line 167
[main] - APP/webroot/index.php, line 111

2016-10-02 12:59:00 Notice: Notice (8): Undefined index: id in [/var/www/html/easyemails/app/Controller/UsersController.php, line 103]
Trace:
UsersController::userupdate() - APP/Controller/UsersController.php, line 103
ReflectionMethod::invokeArgs() - [internal], line ??
Controller::invokeAction() - CORE/Cake/Controller/Controller.php, line 490
Dispatcher::_invoke() - CORE/Cake/Routing/Dispatcher.php, line 193
Dispatcher::dispatch() - CORE/Cake/Routing/Dispatcher.php, line 167
[main] - APP/webroot/index.php, line 111

